<?xml version="1.0" encoding="UTF-8"?>
<!-- Generated by org.testng.reporters.JUnitReportReporter -->
<testsuite hostname="DESKTOP-D6GSLU9" failures="0" tests="1" name="login.TC_001_LoginWithPositiveData" time="59.911" errors="0" timestamp="2022-04-05T16:06:52 BDT" skipped="0">
  <testcase classname="login.TC_001_LoginWithPositiveData" name="loginWithPositiveData" time="59.911"/>
  <system-out/>
</testsuite> <!-- login.TC_001_LoginWithPositiveData -->
