<?xml version="1.0" encoding="UTF-8"?>
<!-- Generated by org.testng.reporters.JUnitReportReporter -->
<testsuite hostname="DESKTOP-D6GSLU9" failures="0" tests="1" name="registration.TC_001_RegistrationWithPositiveData" time="41.850" errors="0" timestamp="2022-04-05T15:26:45 BDT" skipped="0">
  <testcase classname="registration.TC_001_RegistrationWithPositiveData" name="RegistrationWithPositiveData" time="41.850"/>
  <system-out/>
</testsuite> <!-- registration.TC_001_RegistrationWithPositiveData -->
